<?xml version="1.0" encoding="UTF-8"?>
<!-- Generated by org.testng.reporters.JUnitReportReporter -->
<testsuite skipped="1" hostname="DESKTOP-QVO712U" name="demoTests.demoClass" tests="1" failures="0" timestamp="2 Apr 2021 03:50:00 GMT" time="0.000" errors="0">
  <testcase name="test3" time="0.000" classname="demoTests.demoClass">
    <skipped/>
  </testcase> <!-- test3 -->
</testsuite> <!-- demoTests.demoClass -->
