<?xml version="1.0" encoding="UTF-8"?>
<!-- Generated by org.testng.reporters.JUnitReportReporter -->
<testsuite skipped="0" hostname="DESKTOP-QVO712U" name="demoTests.demoClasstest" tests="1" failures="0" timestamp="04 Apr 2021 14:13:15 GMT" time="5.832" errors="0">
  <testcase name="test3" time="5.832" classname="demoTests.demoClasstest"/>
</testsuite> <!-- demoTests.demoClasstest -->
